<?xml version="1.0" encoding="UTF-8"?>
<testsuite xmlns:xsi="http://www.w3.org/2001/XMLSchema-instance" xsi:noNamespaceSchemaLocation="https://maven.apache.org/surefire/maven-surefire-plugin/xsd/surefire-test-report-3.0.xsd" version="3.0" name="com.lab.mathutils.MathUtilsTest" time="0.201" tests="3" errors="0" skipped="0" failures="0">
  <properties>
[...]
</properties>
  <testcase name="maxReturnsGreater" classname="com.lab.mathutils.MathUtilsTest" time="0.145">
    <system-out><![CDATA[15:11:55.603 [main] DEBUG com.lab.mathutils.MathUtils -- max(3, 7)
15:11:55.613 [main] DEBUG com.lab.mathutils.MathUtils -- max(5, 5)
]]></system-out>
  </testcase>
  <testcase name="divideByZeroThrows" classname="com.lab.mathutils.MathUtilsTest" time="0.006">
    <system-out><![CDATA[15:11:55.641 [main] INFO com.lab.mathutils.MathUtils -- Chia 1 cho 0
15:11:55.641 [main] ERROR com.lab.mathutils.MathUtils -- Chia cho 0: dividend=1
]]></system-out>
  </testcase>
  <testcase name="divideOk" classname="com.lab.mathutils.MathUtilsTest" time="0.004">
    <system-out><![CDATA[15:11:55.647 [main] INFO com.lab.mathutils.MathUtils -- Chia 12 cho 3
]]></system-out>
  </testcase>
</testsuite>